Automated activity tracked on Tue Feb 24 13:57:52 UTC 2026
Automated activity tracked on Tue Feb 24 13:59:30 UTC 2026
Automated activity tracked on Wed Feb 25 09:13:35 UTC 2026
Automated activity tracked on Thu Feb 26 09:10:45 UTC 2026
Automated activity tracked on Fri Feb 27 09:06:13 UTC 2026
Automated activity tracked on Sat Feb 28 08:51:06 UTC 2026
Automated activity tracked on Sun Mar  1 08:53:47 UTC 2026
Automated activity tracked on Mon Mar  2 09:06:33 UTC 2026
Automated activity tracked on Tue Mar  3 09:06:27 UTC 2026
Automated activity tracked on Wed Mar  4 09:03:30 UTC 2026
Automated activity tracked on Thu Mar  5 09:06:18 UTC 2026
Automated activity tracked on Fri Mar  6 09:02:07 UTC 2026
Automated activity tracked on Sat Mar  7 08:53:48 UTC 2026
Automated activity tracked on Sun Mar  8 08:54:21 UTC 2026
Automated activity tracked on Mon Mar  9 09:06:34 UTC 2026
Automated activity tracked on Tue Mar 10 09:07:33 UTC 2026
Automated activity tracked on Wed Mar 11 09:06:05 UTC 2026
Automated activity tracked on Thu Mar 12 09:07:39 UTC 2026
Automated activity tracked on Fri Mar 13 09:04:54 UTC 2026
Automated activity tracked on Sat Mar 14 08:58:45 UTC 2026
Automated activity tracked on Sun Mar 15 09:00:40 UTC 2026
Automated activity tracked on Mon Mar 16 09:38:52 UTC 2026
Automated activity tracked on Tue Mar 17 09:13:42 UTC 2026
Automated activity tracked on Wed Mar 18 09:12:41 UTC 2026
Automated activity tracked on Thu Mar 19 09:08:05 UTC 2026
Automated activity tracked on Fri Mar 20 09:04:47 UTC 2026
Automated activity tracked on Sat Mar 21 08:56:24 UTC 2026
Automated activity tracked on Sun Mar 22 08:57:50 UTC 2026
Automated activity tracked on Mon Mar 23 09:36:00 UTC 2026
Automated activity tracked on Tue Mar 24 09:27:22 UTC 2026
Automated activity tracked on Wed Mar 25 09:14:17 UTC 2026
Automated activity tracked on Thu Mar 26 09:32:43 UTC 2026
Automated activity tracked on Fri Mar 27 09:12:47 UTC 2026
